<?xml version="1.0" encoding="UTF-8"?>
<!-- Generated by org.testng.reporters.JUnitReportReporter -->
<testsuite hostname="AsusPrap" failures="0" tests="1" name="testCases.T001_SignIn_Shipping" time="0.000" errors="0" timestamp="2022-09-14T01:18:39 BDT" skipped="1">
  <testcase classname="testCases.T001_SignIn_Shipping" name="SignIn_shipping" time="0.000">
    <skipped/>
  </testcase> <!-- SignIn_shipping -->
  <system-out/>
</testsuite> <!-- testCases.T001_SignIn_Shipping -->
